[2019-02-20 21:00:17.898] [exthost] [info] extension host started
[2019-02-20 21:00:17.920] [exthost] [info] ExtensionService#_doActivateExtension vscode.debug-auto-launch {"startup":true,"activationEvent":"*"}
[2019-02-20 21:00:17.920] [exthost] [info] ExtensionService#loadCommonJSModule /usr/share/code/resources/app/extensions/debug-auto-launch/dist/extension
[2019-02-20 21:00:17.924] [exthost] [info] ExtensionService#_doActivateExtension vscode.emmet {"startup":true,"activationEvent":"*"}
[2019-02-20 21:00:17.924] [exthost] [info] ExtensionService#loadCommonJSModule /usr/share/code/resources/app/extensions/emmet/dist/extension
[2019-02-20 21:00:17.942] [exthost] [info] ExtensionService#_doActivateExtension vscode.git {"startup":true,"activationEvent":"*"}
[2019-02-20 21:00:17.942] [exthost] [info] ExtensionService#loadCommonJSModule /usr/share/code/resources/app/extensions/git/dist/main
[2019-02-20 21:00:18.045] [exthost] [info] ExtensionService#_doActivateExtension vscode.merge-conflict {"startup":true,"activationEvent":"*"}
[2019-02-20 21:00:18.045] [exthost] [info] ExtensionService#loadCommonJSModule /usr/share/code/resources/app/extensions/merge-conflict/dist/extension
[2019-02-20 21:00:18.050] [exthost] [info] ExtensionService#_doActivateExtension formulahendry.auto-close-tag {"startup":true,"activationEvent":"*"}
[2019-02-20 21:00:18.050] [exthost] [info] ExtensionService#loadCommonJSModule /home/saurabh/.vscode/extensions/formulahendry.auto-close-tag-0.5.6/out/src/extension
[2019-02-20 21:00:18.051] [exthost] [info] ExtensionService#_doActivateExtension formulahendry.auto-rename-tag {"startup":true,"activationEvent":"*"}
[2019-02-20 21:00:18.051] [exthost] [info] ExtensionService#loadCommonJSModule /home/saurabh/.vscode/extensions/formulahendry.auto-rename-tag-0.0.15/out/src/extension
[2019-02-20 21:00:18.053] [exthost] [info] ExtensionService#_doActivateExtension HookyQR.beautify {"startup":true,"activationEvent":"*"}
[2019-02-20 21:00:18.053] [exthost] [info] ExtensionService#loadCommonJSModule /home/saurabh/.vscode/extensions/hookyqr.beautify-1.4.9/extension
[2019-02-20 21:00:18.092] [exthost] [info] ExtensionService#_doActivateExtension streetsidesoftware.code-spell-checker {"startup":true,"activationEvent":"*"}
[2019-02-20 21:00:18.092] [exthost] [info] ExtensionService#loadCommonJSModule /home/saurabh/.vscode/extensions/streetsidesoftware.code-spell-checker-1.6.10/out/src/extension
[2019-02-20 21:00:18.276] [exthost] [info] eager extensions activated
[2019-02-20 21:00:48.012] [exthost] [info] extension host started
[2019-02-20 21:00:48.032] [exthost] [info] ExtensionService#_doActivateExtension vscode.debug-auto-launch {"startup":true,"activationEvent":"*"}
[2019-02-20 21:00:48.032] [exthost] [info] ExtensionService#loadCommonJSModule /usr/share/code/resources/app/extensions/debug-auto-launch/dist/extension
[2019-02-20 21:00:48.035] [exthost] [info] ExtensionService#_doActivateExtension vscode.emmet {"startup":true,"activationEvent":"*"}
[2019-02-20 21:00:48.035] [exthost] [info] ExtensionService#loadCommonJSModule /usr/share/code/resources/app/extensions/emmet/dist/extension
[2019-02-20 21:00:48.051] [exthost] [info] ExtensionService#_doActivateExtension vscode.git {"startup":true,"activationEvent":"*"}
[2019-02-20 21:00:48.051] [exthost] [info] ExtensionService#loadCommonJSModule /usr/share/code/resources/app/extensions/git/dist/main
[2019-02-20 21:00:48.155] [exthost] [info] ExtensionService#_doActivateExtension vscode.merge-conflict {"startup":true,"activationEvent":"*"}
[2019-02-20 21:00:48.155] [exthost] [info] ExtensionService#loadCommonJSModule /usr/share/code/resources/app/extensions/merge-conflict/dist/extension
[2019-02-20 21:00:48.160] [exthost] [info] ExtensionService#_doActivateExtension formulahendry.auto-close-tag {"startup":true,"activationEvent":"*"}
[2019-02-20 21:00:48.160] [exthost] [info] ExtensionService#loadCommonJSModule /home/saurabh/.vscode/extensions/formulahendry.auto-close-tag-0.5.6/out/src/extension
[2019-02-20 21:00:48.162] [exthost] [info] ExtensionService#_doActivateExtension formulahendry.auto-rename-tag {"startup":true,"activationEvent":"*"}
[2019-02-20 21:00:48.162] [exthost] [info] ExtensionService#loadCommonJSModule /home/saurabh/.vscode/extensions/formulahendry.auto-rename-tag-0.0.15/out/src/extension
[2019-02-20 21:00:48.164] [exthost] [info] ExtensionService#_doActivateExtension HookyQR.beautify {"startup":true,"activationEvent":"*"}
[2019-02-20 21:00:48.164] [exthost] [info] ExtensionService#loadCommonJSModule /home/saurabh/.vscode/extensions/hookyqr.beautify-1.4.9/extension
[2019-02-20 21:00:48.203] [exthost] [info] ExtensionService#_doActivateExtension streetsidesoftware.code-spell-checker {"startup":true,"activationEvent":"*"}
[2019-02-20 21:00:48.203] [exthost] [info] ExtensionService#loadCommonJSModule /home/saurabh/.vscode/extensions/streetsidesoftware.code-spell-checker-1.6.10/out/src/extension
[2019-02-20 21:00:48.332] [exthost] [info] eager extensions activated
[2019-02-20 21:00:58.208] [exthost] [info] ExtensionService#_doActivateExtension vscode.typescript-language-features {"startup":false,"activationEvent":"onLanguage:javascript"}
[2019-02-20 21:00:58.208] [exthost] [info] ExtensionService#loadCommonJSModule /usr/share/code/resources/app/extensions/typescript-language-features/dist/extension
[2019-02-20 21:00:58.300] [exthost] [info] ExtensionService#_doActivateExtension leizongmin.node-module-intellisense {"startup":false,"activationEvent":"onLanguage:javascript"}
[2019-02-20 21:00:58.300] [exthost] [info] ExtensionService#loadCommonJSModule /home/saurabh/.vscode/extensions/leizongmin.node-module-intellisense-1.5.0/out/src/extension
[2019-02-20 21:01:08.979] [exthost] [info] ExtensionService#_doActivateExtension vscode.configuration-editing {"startup":false,"activationEvent":"onLanguage:jsonc"}
[2019-02-20 21:01:08.979] [exthost] [info] ExtensionService#loadCommonJSModule /usr/share/code/resources/app/extensions/configuration-editing/dist/extension
[2019-02-20 21:01:08.991] [exthost] [info] ExtensionService#_doActivateExtension vscode.json-language-features {"startup":false,"activationEvent":"onLanguage:jsonc"}
[2019-02-20 21:01:08.991] [exthost] [info] ExtensionService#loadCommonJSModule /usr/share/code/resources/app/extensions/json-language-features/client/dist/jsonMain
[2019-02-20 21:01:10.142] [exthost] [info] ExtensionService#_doActivateExtension vscode.extension-editing {"startup":false,"activationEvent":"onLanguage:typescript"}
[2019-02-20 21:01:10.142] [exthost] [info] ExtensionService#loadCommonJSModule /usr/share/code/resources/app/extensions/extension-editing/dist/extension
